<?xml version="1.0" encoding="UTF-8"?>
<!-- Generated by org.testng.reporters.JUnitXMLReporter -->
<testsuite ignored="0" hostname="LAPTOP-AFTL93HH" failures="1" tests="13" name="ChromeTests" time="263.251" errors="0" timestamp="2024-09-03T22:02:13 IST">
  <testcase classname="TA.TA_01" name="test_1" time="7.565">
    <failure type="org.openqa.selenium.ElementClickInterceptedException" message="element click intercepted: Element &amp;lt;span class=&amp;quot;ds-btn&amp;quot;&amp;gt;...&amp;lt;/span&amp;gt; is not clickable at point (919, 137). Other element would receive the click: &amp;lt;div style=&amp;quot;background-color: rgba(255, 255, 255, 0.5); width: 100%; height: 100%; top: 0px; left: 0px; z-index: 1000; display: flex; align-items: center; justify-content: center; position: absolute;&amp;quot;&amp;gt;...&amp;lt;/div&amp;gt;
  (Session info: chrome=128.0.6613.114)
Build info: version: &amp;apos;4.21.0&amp;apos;, revision: &amp;apos;79ed462ef4&amp;apos;
System info: os.name: &amp;apos;Windows 11&amp;apos;, os.arch: &amp;apos;amd64&amp;apos;, os.version: &amp;apos;10.0&amp;apos;, java.version: &amp;apos;17.0.3&amp;apos;
Driver info: org.openqa.selenium.chrome.ChromeDriver
Command: [69edafc56a5f487d2691b98d7bfd6f5d, clickElement {id=f.EED1651FB60B6BEE9B0A95AE6F099B36.d.A44BE59C401A3A183DAEA726417F0741.e.67}]
Capabilities {acceptInsecureCerts: false, browserName: chrome, browserVersion: 128.0.6613.114, chrome: {chromedriverVersion: 128.0.6613.119 (6e439cfca4d..., userDataDir: C:\Users\Akash\AppData\Loca...}, fedcm:accounts: true, goog:chromeOptions: {debuggerAddress: localhost:64437}, networkConnectionEnabled: false, pageLoadStrategy: normal, platformName: windows, proxy: Proxy(), se:cdp: ws://localhost:64437/devtoo..., se:cdpVersion: 128.0.6613.114, setWindowRect: true, strictFileInteractability: false, timeouts: {implicit: 0, pageLoad: 300000, script: 30000}, unhandledPromptBehavior: dismiss and notify, webauthn:extension:credBlob: true, webauthn:extension:largeBlob: true, webauthn:extension:minPinLength: true, webauthn:extension:prf: true, webauthn:virtualAuthenticators: true}
Element: [[ChromeDriver: chrome on windows (69edafc56a5f487d2691b98d7bfd6f5d)] -&amp;gt; xpath: //span[text()=&amp;apos;Get Instant Quote&amp;apos;]]
Session ID: 69edafc56a5f487d2691b98d7bfd6f5d">
      <![CDATA[org.openqa.selenium.ElementClickInterceptedException: element click intercepted: Element <span class="ds-btn">...</span> is not clickable at point (919, 137). Other element would receive the click: <div style="background-color: rgba(255, 255, 255, 0.5); width: 100%; height: 100%; top: 0px; left: 0px; z-index: 1000; display: flex; align-items: center; justify-content: center; position: absolute;">...</div>
  (Session info: chrome=128.0.6613.114)
Build info: version: '4.21.0', revision: '79ed462ef4'
System info: os.name: 'Windows 11', os.arch: 'amd64', os.version: '10.0', java.version: '17.0.3'
Driver info: org.openqa.selenium.chrome.ChromeDriver
Command: [69edafc56a5f487d2691b98d7bfd6f5d, clickElement {id=f.EED1651FB60B6BEE9B0A95AE6F099B36.d.A44BE59C401A3A183DAEA726417F0741.e.67}]
Capabilities {acceptInsecureCerts: false, browserName: chrome, browserVersion: 128.0.6613.114, chrome: {chromedriverVersion: 128.0.6613.119 (6e439cfca4d..., userDataDir: C:\Users\Akash\AppData\Loca...}, fedcm:accounts: true, goog:chromeOptions: {debuggerAddress: localhost:64437}, networkConnectionEnabled: false, pageLoadStrategy: normal, platformName: windows, proxy: Proxy(), se:cdp: ws://localhost:64437/devtoo..., se:cdpVersion: 128.0.6613.114, setWindowRect: true, strictFileInteractability: false, timeouts: {implicit: 0, pageLoad: 300000, script: 30000}, unhandledPromptBehavior: dismiss and notify, webauthn:extension:credBlob: true, webauthn:extension:largeBlob: true, webauthn:extension:minPinLength: true, webauthn:extension:prf: true, webauthn:virtualAuthenticators: true}
Element: [[ChromeDriver: chrome on windows (69edafc56a5f487d2691b98d7bfd6f5d)] -> xpath: //span[text()='Get Instant Quote']]
Session ID: 69edafc56a5f487d2691b98d7bfd6f5d
at org.openqa.selenium.remote.ErrorCodec.decode(ErrorCodec.java:167)
at org.openqa.selenium.remote.codec.w3c.W3CHttpResponseCodec.decode(W3CHttpResponseCodec.java:138)
at org.openqa.selenium.remote.codec.w3c.W3CHttpResponseCodec.decode(W3CHttpResponseCodec.java:50)
at org.openqa.selenium.remote.HttpCommandExecutor.execute(HttpCommandExecutor.java:190)
at org.openqa.selenium.remote.service.DriverCommandExecutor.invokeExecute(DriverCommandExecutor.java:216)
at org.openqa.selenium.remote.service.DriverCommandExecutor.execute(DriverCommandExecutor.java:174)
at org.openqa.selenium.remote.RemoteWebDriver.execute(RemoteWebDriver.java:518)
at org.openqa.selenium.remote.RemoteWebElement.execute(RemoteWebElement.java:223)
at org.openqa.selenium.remote.RemoteWebElement.click(RemoteWebElement.java:76)
at TA.TA_01.test_1(TA_01.java:49)
at java.base/java.util.ArrayList.forEach(ArrayList.java:1511)
... Removed 32 stack frames]]>
    </failure>
  </testcase> <!-- test_1 -->
  <testcase classname="TA.TA_01" name="test_2" time="0.583"/>
  <testcase classname="TA.TA_01" name="test_3" time="3.171"/>
  <testcase classname="TA.TA_02" name="test_04" time="3.08"/>
  <testcase classname="TA.TA_02" name="test_5" time="3.598"/>
  <testcase classname="TA.TA_02" name="test_06" time="3.795"/>
  <testcase classname="TA.TA_02" name="test_07" time="4.386"/>
  <testcase classname="TA.TA_02" name="test_08" time="11.287"/>
  <testcase classname="TA.TA_03" name="test_09" time="3.754"/>
  <testcase classname="TA.TA_03" name="test_10" time="3.693"/>
  <testcase classname="TA.TA_03" name="test_11" time="8.557"/>
  <testcase classname="TA.TA_04" name="test_12" time="8.377"/>
  <testcase classname="TA.TA_04" name="test_13" time="0.092"/>
</testsuite> <!-- ChromeTests -->
